nohup: no se tendrá en cuenta la entrada
🚀 Iniciando WhatsApp Bot con Supabase Realtime...
[Supabase] Suscribiendo a cambios en tabla attendance...
[WhatsApp] Usando WA v2.3000.1035194821, isLatest: true
[WhatsApp] ✅ Baileys conectado y LISTO!
[Supabase] ✅ Suscrito exitosamente a Realtime.
[Realtime] Nueva asistencia detectada: student_id=e1478017-ef2c-40f3-bcc4-a231fda2c91a, id=562df84f-4656-4b2f-b7ab-2de3efe007c7
[Queue] ➕ Encolado mensaje para 51918275453@s.whatsapp.net
[Queue] Iniciando procesamiento de 1 mensaje(s) pendiente(s).
[Queue] Enviando a 51918275453@s.whatsapp.net...
Closing session: SessionEntry {
  _chains: {
    BXDnYnntcGaqwwLxgXa7qXjKOcIgQdsCxOnkfY6WviBC: { chainKey: [Object], chainType: 2, messageKeys: {} },
    'BX9Trv8fz5vZr/5UtcwzS8CGMH5WdDqZw0A3sHPgLNsm': { chainKey: [Object], chainType: 1, messageKeys: {} }
  },
  registrationId: 1683267342,
  currentRatchet: {
    ephemeralKeyPair: {
      pubKey: <Buffer 05 7f 53 ae ff 1f cf 9b d9 af fe 54 b5 cc 33 4b c0 86 30 7e 56 74 3a 99 c3 40 37 b0 73 e0 2c db 26>,
      privKey: <Buffer b0 9f 46 2f 4a e0 18 bf 4a 9f 79 42 0e 21 0a 3c 74 c3 90 88 cd df 67 e0 05 d6 b0 1d ed f3 b6 40>
    },
    lastRemoteEphemeralKey: <Buffer 05 70 e7 62 79 ed 70 66 aa c3 02 f1 81 76 bb a9 78 ca 39 c2 20 41 db 02 c4 e9 e4 7d 8e 96 be 20 42>,
    previousCounter: 0,
    rootKey: <Buffer e0 72 6e 7b be d9 12 91 ce b8 e9 0e f8 28 12 11 21 ed 0e 9e d7 4e 88 48 14 fc f6 fd 6f c1 43 73>
  },
  indexInfo: {
    baseKey: <Buffer 05 e0 c6 0d db cb 49 f2 5f 56 84 5d 7e 7f 5c 81 ee d8 be ef 5f 9e f2 1c cf d7 71 ad bc b4 24 75 1c>,
    baseKeyType: 2,
    closed: -1,
    used: 1777529633711,
    created: 1777529633711,
    remoteIdentityKey: <Buffer 05 4b a8 ea 5d 5f 5c b4 64 ca 98 9d 63 64 67 4b 49 2c ab d2 98 3a 55 90 44 89 79 f6 1b 0a 0e d3 45>
  }
}
[Queue] ✅ Enviado a 51918275453@s.whatsapp.net
[Queue] ✅ Cola vacía. Procesamiento finalizado.
